<?xml version="1.0" encoding="UTF-8"?>
<!-- Generated by org.testng.reporters.JUnitReportReporter -->
<testsuite hostname="h-MacBook-Air-sl-lwy.local" failures="0" tests="2" name="tests.ForgetPasswordTestNG" time="4.971" errors="0" timestamp="2022-05-31T10:42:53 IDT" skipped="0">
  <testcase classname="tests.ForgetPasswordTestNG" name="tc02_forgetPassword2" time="1.552"/>
  <system-out/>
  <testcase classname="tests.ForgetPasswordTestNG" name="tc01_forgetPassword" time="3.419"/>
  <system-out/>
</testsuite> <!-- tests.ForgetPasswordTestNG -->
